[dotenv@17.3.1] injecting env (15) from .env -- tip: ⚙️  override existing env vars with { override: true }
Connecting to database...
Dropping old collections...
Seeding Catalog...
Error with seeding: ValidationError: Solution validation failed: issue_title: Path `issue_title` is required.
    at model.Document.invalidate (C:\Users\Jasmond\Documents\Web Devpt\Projects\Collaborations\discover_io_backend\node_modules\mongoose\lib\document.js:3405:32)
    at validatePath (C:\Users\Jasmond\Documents\Web Devpt\Projects\Collaborations\discover_io_backend\node_modules\mongoose\lib\document.js:3177:13)
    at processTicksAndRejections (node:internal/process/task_queues:103:5)
    at async Promise.all (index 0)
    at async model.$__validate (C:\Users\Jasmond\Documents\Web Devpt\Projects\Collaborations\discover_io_backend\node_modules\mongoose\lib\document.js:3118:3)
    at async model.validate (C:\Users\Jasmond\Documents\Web Devpt\Projects\Collaborations\discover_io_backend\node_modules\mongoose\lib\document.js:2687:5) {
  errors: {
    issue_title: ValidatorError: Path `issue_title` is required.
        at SchemaString.doValidate (C:\Users\Jasmond\Documents\Web Devpt\Projects\Collaborations\discover_io_backend\node_modules\mongoose\lib\schemaType.js:1425:13)
        at validatePath (C:\Users\Jasmond\Documents\Web Devpt\Projects\Collaborations\discover_io_backend\node_modules\mongoose\lib\document.js:3169:24)
        at model.$__validate (C:\Users\Jasmond\Documents\Web Devpt\Projects\Collaborations\discover_io_backend\node_modules\mongoose\lib\document.js:3115:21)
        at processTicksAndRejections (node:internal/process/task_queues:103:5)
        at async model.validate (C:\Users\Jasmond\Documents\Web Devpt\Projects\Collaborations\discover_io_backend\node_modules\mongoose\lib\document.js:2687:5) {
      properties: [Object],
      kind: 'required',
      path: 'issue_title',
      value: undefined,
      reason: undefined,
      Symbol(mongoose#validatorError): true
    }
  },
  _message: 'Solution validation failed'
}
